2025-11-13 17:42:48,755 - INFO - 生成动态字典...
2025-11-13 17:42:48,756 - INFO - 生成动态字典: 1073 条目
2025-11-13 17:42:48,757 - INFO - 初始化扫描器，目标: https://example.com/
2025-11-13 17:42:48,772 - INFO - 测试目标服务器连接...
2025-11-13 17:42:50,268 - INFO - 目标服务器响应: 200
2025-11-13 17:42:50,268 - INFO - 建立404响应基线...
2025-11-13 17:42:50,269 - INFO - 正在测试404基线...
2025-11-13 17:42:51,689 - INFO - 基线建立成功: 状态码=404, 长度=513
2025-11-13 17:42:51,690 - INFO - 扫描器初始化完成
2025-11-13 17:42:51,690 - INFO - 开始扫描 https://example.com/
2025-11-13 17:42:51,690 - INFO - 字典大小: 1073
2025-11-13 17:42:51,690 - INFO - 并发数: 15
2025-11-13 17:43:49,622 - INFO - 进度: 500/1073 (46.6%)
2025-11-13 17:44:15,582 - INFO - 进度: 1000/1073 (93.2%)
2025-11-13 17:44:19,113 - INFO - 扫描完成，共处理 1073 个路径
2025-11-13 17:49:56,800 - INFO - 生成动态字典...
2025-11-13 17:49:56,800 - INFO - 生成动态字典: 1073 条目
2025-11-13 17:49:56,801 - INFO - 初始化扫描器，目标: https://example.com/
2025-11-13 17:49:56,816 - INFO - 测试目标服务器连接...
2025-11-13 17:49:57,557 - INFO - 目标服务器响应: 200
2025-11-13 17:49:57,558 - INFO - 建立404响应基线...
2025-11-13 17:49:57,558 - INFO - 正在测试404基线...
2025-11-13 17:49:58,441 - INFO - 基线建立成功: 状态码=404, 长度=513
2025-11-13 17:49:58,442 - INFO - 扫描器初始化完成
2025-11-13 17:49:58,442 - INFO - 开始扫描 https://example.com/
2025-11-13 17:49:58,442 - INFO - 字典大小: 1073
2025-11-13 17:49:58,442 - INFO - 并发数: 15
2025-11-13 17:51:02,307 - INFO - 进度: 500/1073 (46.6%)
2025-11-13 17:51:28,183 - INFO - 进度: 1000/1073 (93.2%)
2025-11-13 17:51:31,906 - INFO - 扫描完成，共处理 1073 个路径
2025-11-13 17:54:12,386 - INFO - 生成动态字典...
2025-11-13 17:54:12,387 - INFO - 生成动态字典: 1073 条目
2025-11-13 17:54:12,388 - INFO - 初始化扫描器，目标: https://example.com/
2025-11-13 17:54:12,402 - INFO - 测试目标服务器连接...
2025-11-13 17:54:13,202 - INFO - 目标服务器响应: 200
2025-11-13 17:54:13,203 - INFO - 建立404响应基线...
2025-11-13 17:54:13,203 - INFO - 正在测试404基线...
2025-11-13 17:54:14,224 - INFO - 基线建立成功: 状态码=404, 长度=513
2025-11-13 17:54:14,224 - INFO - 扫描器初始化完成
2025-11-13 17:54:14,225 - INFO - 开始扫描 https://example.com/
2025-11-13 17:54:14,225 - INFO - 字典大小: 1073
2025-11-13 17:54:14,225 - INFO - 并发数: 15
2025-11-13 17:55:23,226 - INFO - 进度: 500/1073 (46.6%)
2025-11-13 17:55:48,882 - INFO - 进度: 1000/1073 (93.2%)
2025-11-13 17:55:52,820 - INFO - 扫描完成，共处理 1073 个路径
2025-11-13 17:57:51,062 - INFO - 生成动态字典...
2025-11-13 17:57:51,063 - INFO - 生成动态字典: 1073 条目
2025-11-13 17:57:51,064 - INFO - 初始化扫描器，目标: https://www.iana.org/
2025-11-13 17:57:51,078 - INFO - 测试目标服务器连接...
2025-11-13 17:57:51,971 - INFO - 目标服务器响应: 200
2025-11-13 17:57:51,971 - INFO - 建立404响应基线...
2025-11-13 17:57:51,972 - INFO - 正在测试404基线...
2025-11-13 17:57:52,506 - INFO - 基线建立成功: 状态码=404, 长度=3877
2025-11-13 17:57:52,506 - INFO - 扫描器初始化完成
2025-11-13 17:57:52,507 - INFO - 开始扫描 https://www.iana.org/
2025-11-13 17:57:52,507 - INFO - 字典大小: 1073
2025-11-13 17:57:52,507 - INFO - 并发数: 15
2025-11-13 17:58:49,050 - INFO - 进度: 500/1073 (46.6%)
2025-11-13 17:59:04,671 - ERROR - 扫描URL异常 https://www.iana.org/favicon.ico: 'utf-8' codec can't decode byte 0xa8 in position 30: invalid start byte
2025-11-13 17:59:14,425 - INFO - 进度: 1000/1073 (93.2%)
2025-11-13 17:59:17,992 - INFO - 扫描完成，共处理 1073 个路径
2025-11-13 18:00:53,063 - INFO - 生成动态字典...
2025-11-13 18:00:53,064 - INFO - 生成动态字典: 1073 条目
2025-11-13 18:00:53,066 - INFO - 初始化扫描器，目标: https://www.baidu.com/
2025-11-13 18:00:53,080 - INFO - 测试目标服务器连接...
2025-11-13 18:00:56,404 - INFO - 目标服务器响应: 200
2025-11-13 18:00:56,405 - INFO - 建立404响应基线...
2025-11-13 18:00:56,405 - INFO - 正在测试404基线...
2025-11-13 18:01:02,933 - INFO - 基线建立成功: 状态码=404, 长度=214
2025-11-13 18:01:02,933 - INFO - 扫描器初始化完成
2025-11-13 18:01:02,933 - INFO - 开始扫描 https://www.baidu.com/
2025-11-13 18:01:02,934 - INFO - 字典大小: 1073
2025-11-13 18:01:02,934 - INFO - 并发数: 15
2025-11-13 18:01:44,527 - ERROR - 扫描URL异常 https://www.baidu.com/code.html: 'utf-8' codec can't decode byte 0xb0 in position 19: invalid start byte
2025-11-13 18:02:03,425 - INFO - 进度: 500/1073 (46.6%)
2025-11-13 18:02:11,789 - ERROR - 扫描URL异常 https://www.baidu.com/favicon.ico: 'utf-8' codec can't decode byte 0x80 in position 30: invalid start byte
2025-11-13 18:02:28,654 - INFO - 进度: 1000/1073 (93.2%)
2025-11-13 18:02:32,250 - INFO - 扫描完成，共处理 1073 个路径
2025-11-13 18:02:32,269 - INFO - JSON报告已保存到: baidu_scan_result.json
